<?xml version="1.0" encoding="UTF-8"?>
<testng-results ignored="0" total="1" passed="1" failed="0" skipped="0">
  <reporter-output>
  </reporter-output>
  <suite started-at="2024-04-12T19:48:33 IST" name="Default suite" finished-at="2024-04-12T19:49:17 IST" duration-ms="43882">
    <groups>
    </groups>
    <test started-at="2024-04-12T19:48:33 IST" name="Default test" finished-at="2024-04-12T19:49:17 IST" duration-ms="43882">
      <class name="TestNGtestsuite.SecondTestNG">
        <test-method signature="OpenApp()[pri:0, instance:TestNGtestsuite.SecondTestNG@1afd44cb]" started-at="2024-04-12T19:48:33 IST" name="OpenApp" finished-at="2024-04-12T19:49:17 IST" duration-ms="43724" status="PASS">
          <reporter-output>
          </reporter-output>
        </test-method> <!-- OpenApp -->
      </class> <!-- TestNGtestsuite.SecondTestNG -->
    </test> <!-- Default test -->
  </suite> <!-- Default suite -->
</testng-results>
